# JRE version: OpenJDK Runtime Environment Temurin-17.0.15+6 (17.0.15+6) (build 17.0.15+6)
# Java VM: OpenJDK 64-Bit Server VM Temurin-17.0.15+6 (17.0.15+6, mixed mode, sharing, tiered, compressed oops, compressed class ptrs, g1 gc, windows-amd64)
GC Precious Log:
 CPUs: 12 total, 12 available
 Memory: 7381M
 Large Page Support: Disabled
 NUMA Support: Disabled
 Compressed Oops: Enabled (Zero based)
 Heap Region Size: 2M
 Heap Min Capacity: 8M
 Heap Initial Capacity: 116M
 Heap Max Capacity: 4G
 Pre-touch: Disabled
 Parallel Workers: 10
 Concurrent Workers: 3
 Concurrent Refinement Workers: 10
 Periodic GC: Disabled
Heap:
 garbage-first heap   total 358400K, used 229895K [0x0000000700000000, 0x0000000800000000)
  region size 2048K, 5 young (10240K), 5 survivors (10240K)
 Metaspace       used 148113K, committed 149184K, reserved 1179648K
  class space    used 18982K, committed 19520K, reserved 1048576K
GC Heap History (20 events):
Event: 34.289 GC heap after
{Heap after GC invocations=51 (full 0):
 garbage-first heap   total 178176K, used 97893K [0x0000000700000000, 0x0000000800000000)
  region size 2048K, 4 young (8192K), 4 survivors (8192K)
 Metaspace       used 126486K, committed 127296K, reserved 1179648K
  class space    used 16554K, committed 16960K, reserved 1048576K
}
Event: 34.307 GC heap before
{Heap before GC invocations=51 (full 0):
 garbage-first heap   total 178176K, used 99941K [0x0000000700000000, 0x0000000800000000)
  region size 2048K, 5 young (10240K), 4 survivors (8192K)
 Metaspace       used 126555K, committed 127360K, reserved 1179648K
  class space    used 16574K, committed 16960K, reserved 1048576K
}
Event: 34.314 GC heap after
{Heap after GC invocations=52 (full 0):
 garbage-first heap   total 178176K, used 91693K [0x0000000700000000, 0x0000000800000000)
  region size 2048K, 1 young (2048K), 1 survivors (2048K)
 Metaspace       used 126555K, committed 127360K, reserved 1179648K
  class space    used 16574K, committed 16960K, reserved 1048576K
}
Event: 34.946 GC heap before
{Heap before GC invocations=52 (full 0):
 garbage-first heap   total 178176K, used 142893K [0x0000000700000000, 0x0000000800000000)
  region size 2048K, 26 young (53248K), 1 survivors (2048K)
 Metaspace       used 127197K, committed 128064K, reserved 1179648K
  class space    used 16659K, committed 17088K, reserved 1048576K
}
Event: 34.951 GC heap after
{Heap after GC invocations=53 (full 0):
 garbage-first heap   total 358400K, used 98911K [0x0000000700000000, 0x0000000800000000)
  region size 2048K, 3 young (6144K), 3 survivors (6144K)
 Metaspace       used 127197K, committed 128064K, reserved 1179648K
  class space    used 16659K, committed 17088K, reserved 1048576K
}
Event: 37.833 GC heap before
{Heap before GC invocations=54 (full 0):
 garbage-first heap   total 358400K, used 272991K [0x0000000700000000, 0x0000000800000000)
  region size 2048K, 86 young (176128K), 3 survivors (6144K)
 Metaspace       used 134842K, committed 135680K, reserved 1179648K
  class space    used 17595K, committed 17984K, reserved 1048576K
}
Event: 37.847 GC heap after
{Heap after GC invocations=55 (full 0):
 garbage-first heap   total 358400K, used 120716K [0x0000000700000000, 0x0000000800000000)
  region size 2048K, 11 young (22528K), 11 survivors (22528K)
 Metaspace       used 134842K, committed 135680K, reserved 1179648K
  class space    used 17595K, committed 17984K, reserved 1048576K
}
Event: 37.869 GC heap before
{Heap before GC invocations=55 (full 0):
 garbage-first heap   total 358400K, used 122764K [0x0000000700000000, 0x0000000800000000)
  region size 2048K, 12 young (24576K), 11 survivors (22528K)
 Metaspace       used 134972K, committed 135872K, reserved 1179648K
  class space    used 17608K, committed 18048K, reserved 1048576K
}
Event: 37.915 GC heap after
{Heap after GC invocations=56 (full 0):
 garbage-first heap   total 358400K, used 120783K [0x0000000700000000, 0x0000000800000000)
  region size 2048K, 1 young (2048K), 1 survivors (2048K)
 Metaspace       used 134972K, committed 135872K, reserved 1179648K
  class space    used 17608K, committed 18048K, reserved 1048576K
}
Event: 40.983 GC heap before
{Heap before GC invocations=56 (full 0):
 garbage-first heap   total 358400K, used 278479K [0x0000000700000000, 0x0000000800000000)
  region size 2048K, 76 young (155648K), 1 survivors (2048K)
 Metaspace       used 142614K, committed 143680K, reserved 1179648K
  class space    used 18623K, committed 19136K, reserved 1048576K
}
Event: 40.989 GC heap after
{Heap after GC invocations=57 (full 0):
 garbage-first heap   total 358400K, used 132921K [0x0000000700000000, 0x0000000800000000)
  region size 2048K, 5 young (10240K), 5 survivors (10240K)
 Metaspace       used 142614K, committed 143680K, reserved 1179648K
  class space    used 18623K, committed 19136K, reserved 1048576K
}
Event: 42.052 GC heap before
{Heap before GC invocations=57 (full 0):
 garbage-first heap   total 358400K, used 294713K [0x0000000700000000, 0x0000000800000000)
  region size 2048K, 78 young (159744K), 5 survivors (10240K)
 Metaspace       used 142943K, committed 143936K, reserved 1179648K
  class space    used 18644K, committed 19136K, reserved 1048576K
}
Event: 42.076 GC heap after
{Heap after GC invocations=58 (full 0):
 garbage-first heap   total 358400K, used 170485K [0x0000000700000000, 0x0000000800000000)
  region size 2048K, 10 young (20480K), 10 survivors (20480K)
 Metaspace       used 142943K, committed 143936K, reserved 1179648K
  class space    used 18644K, committed 19136K, reserved 1048576K
}
Event: 43.794 GC heap before
{Heap before GC invocations=58 (full 0):
 garbage-first heap   total 358400K, used 272885K [0x0000000700000000, 0x0000000800000000)
  region size 2048K, 60 young (122880K), 10 survivors (20480K)
 Metaspace       used 144195K, committed 145216K, reserved 1179648K
  class space    used 18688K, committed 19200K, reserved 1048576K
}
Event: 43.814 GC heap after
{Heap after GC invocations=59 (full 0):
 garbage-first heap   total 358400K, used 183509K [0x0000000700000000, 0x0000000800000000)
  region size 2048K, 6 young (12288K), 6 survivors (12288K)
 Metaspace       used 144195K, committed 145216K, reserved 1179648K
  class space    used 18688K, committed 19200K, reserved 1048576K
}
Event: 44.560 GC heap before
{Heap before GC invocations=59 (full 0):
 garbage-first heap   total 358400K, used 298197K [0x0000000700000000, 0x0000000800000000)
  region size 2048K, 53 young (108544K), 6 survivors (12288K)
 Metaspace       used 144331K, committed 145408K, reserved 1179648K
  class space    used 18690K, committed 19200K, reserved 1048576K
}
Event: 44.576 GC heap after
{Heap after GC invocations=60 (full 0):
 garbage-first heap   total 358400K, used 209966K [0x0000000700000000, 0x0000000800000000)
  region size 2048K, 7 young (14336K), 7 survivors (14336K)
 Metaspace       used 144331K, committed 145408K, reserved 1179648K
  class space    used 18690K, committed 19200K, reserved 1048576K
}
Event: 45.161 GC heap before
{Heap before GC invocations=60 (full 0):
 garbage-first heap   total 358400K, used 287790K [0x0000000700000000, 0x0000000800000000)
  region size 2048K, 42 young (86016K), 7 survivors (14336K)
 Metaspace       used 145066K, committed 146112K, reserved 1179648K
  class space    used 18758K, committed 19264K, reserved 1048576K
}
Event: 45.170 GC heap after
{Heap after GC invocations=61 (full 0):
 garbage-first heap   total 358400K, used 219988K [0x0000000700000000, 0x0000000800000000)
  region size 2048K, 5 young (10240K), 5 survivors (10240K)
 Metaspace       used 145066K, committed 146112K, reserved 1179648K
  class space    used 18758K, committed 19264K, reserved 1048576K
}
Event: 47.244 GC heap before
{Heap before GC invocations=61 (full 0):
 garbage-first heap   total 358400K, used 287572K [0x0000000700000000, 0x0000000800000000)
  region size 2048K, 38 young (77824K), 5 survivors (10240K)
 Metaspace       used 148113K, committed 149184K, reserved 1179648K
  class space    used 18982K, committed 19520K, reserved 1048576K
}

